{
  "stats": {
    "suites": 1,
    "tests": 1,
    "passes": 1,
    "pending": 0,
    "failures": 0,
    "start": "2025-01-24T20:33:22.760Z",
    "end": "2025-01-24T20:33:28.708Z",
    "duration": 5948,
    "testsRegistered": 1,
    "passPercent": 100,
    "pendingPercent": 0,
    "other": 0,
    "hasOther": false,
    "skipped": 0,
    "hasSkipped": false
  },
  "results": [
    {
      "uuid": "bc865757-6dd6-4b8f-a686-6df4c94d4612",
      "title": "",
      "fullFile": "cypress\\e2e\\apiRequestTest.spec.js",
      "file": "cypress\\e2e\\apiRequestTest.spec.js",
      "beforeHooks": [],
      "afterHooks": [],
      "tests": [],
      "suites": [
        {
          "uuid": "36430b92-a019-4110-8968-ea732cedb421",
          "title": "API Request test",
          "fullFile": "",
          "file": "",
          "beforeHooks": [],
          "afterHooks": [],
          "tests": [
            {
              "title": "Delete an article, but creating it through API",
              "fullTitle": "API Request test Delete an article, but creating it through API",
              "timedOut": null,
              "duration": 5897,
              "state": "passed",
              "speed": "medium",
              "pass": true,
              "fail": false,
              "pending": false,
              "context": null,
              "code": "cy.wait(\"@login\").then(loginCall => {\n  userToken = loginCall.response.body.user.token;\n  cy.request({\n    url: apiArticlesUrl,\n    headers: {\n      \"Content-Type\": \"application/json\",\n      \"Authorization\": \"Token \" + userToken\n    },\n    method: \"POST\",\n    body: _anArticle.default\n  }).then(response => {\n    expect(response.status).to.eq(201);\n    slugId = response.body.article.slug;\n  });\n  cy.contains(\"h1\", _anArticle.default.article.title).click();\n  cy.intercept(\"DELETE\", apiArticlesUrl + \"/*\").as(\"deleteArti\");\n  cy.contains(\"button\", \"Delete Article\").click();\n  cy.wait(\"@deleteArti\").then(xhr => {\n    expect(xhr.response.statusCode).to.eq(204);\n  });\n});",
              "err": {},
              "uuid": "92b69d2c-ed2d-45c1-b1eb-42efaf8f88db",
              "parentUUID": "36430b92-a019-4110-8968-ea732cedb421",
              "isHook": false,
              "skipped": false
            }
          ],
          "suites": [],
          "passes": [
            "92b69d2c-ed2d-45c1-b1eb-42efaf8f88db"
          ],
          "failures": [],
          "pending": [],
          "skipped": [],
          "duration": 5897,
          "root": false,
          "rootEmpty": false,
          "_timeout": 2000
        }
      ],
      "passes": [],
      "failures": [],
      "pending": [],
      "skipped": [],
      "duration": 0,
      "root": true,
      "rootEmpty": true,
      "_timeout": 2000
    }
  ],
  "meta": {
    "mocha": {
      "version": "7.0.1"
    },
    "mochawesome": {
      "options": {
        "quiet": false,
        "reportFilename": "mochawesome",
        "saveHtml": false,
        "saveJson": true,
        "consoleReporter": "spec",
        "useInlineDiffs": false,
        "code": true
      },
      "version": "7.1.3"
    },
    "marge": {
      "options": {
        "id": "default",
        "reportDir": "cypress/results",
        "overwrite": false,
        "html": false,
        "json": true
      },
      "version": "6.2.0"
    }
  }
}