<?xml version="1.0" encoding="UTF-8"?>
<testsuites name="Mocha Tests" time="18.170" tests="1" failures="1">
  <testsuite name="Root Suite" timestamp="2025-01-24T20:33:41" tests="0" file="cypress\e2e\typeTests.spec.js" time="0.000" failures="0">
  </testsuite>
  <testsuite name="Typing tests" timestamp="2025-01-24T20:33:41" tests="1" time="18.165" failures="1">
    <testcase name="Typing tests Using hotkeys" time="9.005" classname="Using hotkeys">
      <failure message="`cy.focus()` can only be called on a valid focusable element. Your subject is a: `&lt;li class=&quot;DocSearch-Hit&quot; id=&quot;docsearch-item-0&quot; role=&quot;option&quot; aria-selected=&quot;true&quot;&gt;...&lt;/li&gt;`

https://on.cypress.io/focus" type="CypressError"><![CDATA[CypressError: `cy.focus()` can only be called on a valid focusable element. Your subject is a: `<li class="DocSearch-Hit" id="docsearch-item-0" role="option" aria-selected="true">...</li>`

https://on.cypress.io/focus
    at Context.focus (https://docs.cypress.io/__cypress/runner/cypress_runner.js:112429:70)
    at wrapped (https://docs.cypress.io/__cypress/runner/cypress_runner.js:137197:19)
From Your Spec Code:
    at captureUserInvocationStack (https://docs.cypress.io/__cypress/runner/cypress_runner.js:138199:94)
    at Assertion.assert (https://docs.cypress.io/__cypress/runner/cypress_runner.js:138227:9)
    at Assertion.<anonymous> (https://docs.cypress.io/__cypress/runner/cypress_runner.js:138169:25)
    at Assertion.overwritingPropertyGetter (https://docs.cypress.io/__cypress/runner/cypress_runner.js:77985:37)
at Reflect.get (<anonymous>)
    at Object.proxyGetter [as get] (https://docs.cypress.io/__cypress/runner/cypress_runner.js:77851:22)
    at exists (https://docs.cypress.io/__cypress/runner/cypress_runner.js:142048:26)
    at elExists (https://docs.cypress.io/__cypress/runner/cypress_runner.js:142063:10)
    at ensureExistence (https://docs.cypress.io/__cypress/runner/cypress_runner.js:142244:22)
    at onFailFn (https://docs.cypress.io/__cypress/runner/cypress_runner.js:142273:53)]]></failure>
    </testcase>
  </testsuite>
</testsuites>