<?xml version="1.0" encoding="UTF-8"?>
<testsuites name="Mocha Tests" time="5.948" tests="1" failures="0">
  <testsuite name="Root Suite" timestamp="2025-01-24T20:33:22" tests="0" file="cypress\e2e\apiRequestTest.spec.js" time="0.000" failures="0">
  </testsuite>
  <testsuite name="API Request test" timestamp="2025-01-24T20:33:22" tests="1" time="5.944" failures="0">
    <testcase name="API Request test Delete an article, but creating it through API" time="5.897" classname="Delete an article, but creating it through API">
    </testcase>
  </testsuite>
</testsuites>