<?xml version="1.0" encoding="UTF-8"?>
<testsuites name="Mocha Tests" time="4.840" tests="2" failures="0">
  <testsuite name="Root Suite" timestamp="2025-01-24T20:33:30" tests="0" file="cypress\e2e\interceptApiTest.spec.js" time="0.000" failures="0">
  </testsuite>
  <testsuite name="Intercept, Mock and Assert 2" timestamp="2025-01-24T20:33:30" tests="1" time="3.438" failures="0">
    <testcase name="Intercept, Mock and Assert 2 Mock two articles, increase the likes counter and verify through Frontend" time="3.419" classname="Mock two articles, increase the likes counter and verify through Frontend">
    </testcase>
  </testsuite>
  <testsuite name="Intercept, Mock and Assert ex.2" timestamp="2025-01-24T20:33:34" tests="1" time="1.396" failures="0">
    <testcase name="Intercept, Mock and Assert ex.2 Inject mocked tags and verify them through the Frontend" time="1.358" classname="Inject mocked tags and verify them through the Frontend">
    </testcase>
  </testsuite>
</testsuites>